Using pre-set license
Built from '2020.3/staging' branch; Version is '2020.3.11f1 (99c7afb366b3) revision 10078127'; Using compiler version '192528614'; Build Type 'Release'
OS: 'Windows 10 Home; OS build 19043.1165; Version 2009; 64bit' Language: 'ja' Physical Memory: 7778 MB
BatchMode: 1, IsHumanControllingUs: 0, StartBugReporterOnCrash: 0, Is64bit: 1, IsPro: 0

 COMMAND LINE ARGUMENTS:
C:\Program Files\Unity\Hub\Editor\2020.3.11f1\Editor\Unity.exe
-adb2
-batchMode
-noUpm
-name
AssetImportWorker0
-projectPath
C:/Users/sienr/Desktop/HandWash
-logFile
Logs/AssetImportWorker0.log
-srvPort
57772
Successfully changed project path to: C:/Users/sienr/Desktop/HandWash
C:/Users/sienr/Desktop/HandWash
Using Asset Import Pipeline V2.
Refreshing native plugins compatible for Editor in 202.52 ms, found 5 plugins.
Preloading 0 native plugins for Editor in 0.00 ms.
Initialize engine version: 2020.3.11f1 (99c7afb366b3)
[Subsystems] Discovering subsystems at path C:/Program Files/Unity/Hub/Editor/2020.3.11f1/Editor/Data/Resources/UnitySubsystems
[Subsystems] Discovering subsystems at path C:/Users/sienr/Desktop/HandWash/Assets
GfxDevice: creating device client; threaded=0
Direct3D:
    Version:  Direct3D 11.0 [level 11.1]
    Renderer: Intel(R) Iris(R) Plus Graphics (ID=0x8a5a)
    Vendor:   
    VRAM:     3889 MB
    Driver:   27.20.100.8681
Initialize mono
Mono path[0] = 'C:/Program Files/Unity/Hub/Editor/2020.3.11f1/Editor/Data/Managed'
Mono path[1] = 'C:/Program Files/Unity/Hub/Editor/2020.3.11f1/Editor/Data/MonoBleedingEdge/lib/mono/unityjit'
Mono config path = 'C:/Program Files/Unity/Hub/Editor/2020.3.11f1/Editor/Data/MonoBleedingEdge/etc'
Using monoOptions --debugger-agent=transport=dt_socket,embedding=1,server=y,suspend=n,address=127.0.0.1:56212
Begin MonoManager ReloadAssembly
Registering precompiled unity dll's ...
Register platform support module: C:/Program Files/Unity/Hub/Editor/2020.3.11f1/Editor/Data/PlaybackEngines/WindowsStandaloneSupport/UnityEditor.WindowsStandalone.Extensions.dll
Registered in 0.009054 seconds.
Native extension for WindowsStandalone target not found
Refreshing native plugins compatible for Editor in 136.74 ms, found 5 plugins.
Preloading 0 native plugins for Editor in 0.00 ms.
Mono: successfully reloaded assembly
- Completed reload, in  4.253 seconds
Platform modules already initialized, skipping
Registering precompiled user dll's ...
Registered in 0.041758 seconds.
Begin MonoManager ReloadAssembly
Native extension for WindowsStandalone target not found
Refreshing native plugins compatible for Editor in 137.48 ms, found 5 plugins.
Preloading 0 native plugins for Editor in 0.00 ms.
Mono: successfully reloaded assembly
- Completed reload, in  3.619 seconds
Platform modules already initialized, skipping
========================================================================
Worker process is ready to serve import requests
Launched and connected shader compiler UnityShaderCompiler.exe after 0.16 seconds
Refreshing native plugins compatible for Editor in 1.36 ms, found 5 plugins.
Preloading 0 native plugins for Editor in 0.00 ms.
Unloading 2101 Unused Serialized files (Serialized files now loaded: 0)
System memory in use before: 96.7 MB.
System memory in use after: 96.6 MB.

Unloading 50 unused Assets to reduce memory usage. Loaded Objects now: 2561.
Total: 6.636500 ms (FindLiveObjects: 0.365000 ms CreateObjectMapping: 0.167700 ms MarkObjects: 5.682200 ms  DeleteObjects: 0.418300 ms)

========================================================================
Received Import Request.
  path: Assets/Scenes/ShoppingStreet.unity
  artifactKey: Guid(a66b04cabf110f24da94ef76274d0072) Importer(815301076,1909f56bfc062723c751e8b465ee728b)
Start importing Assets/Scenes/ShoppingStreet.unity using Guid(a66b04cabf110f24da94ef76274d0072) Importer(815301076,1909f56bfc062723c751e8b465ee728b)  -> (artifact id: 'ca8450aeb78faae07470a48f9aa9b788') in 0.031447 seconds
  Import took 0.043354 seconds .

========================================================================
Received Prepare
Registering precompiled user dll's ...
Registered in 0.037206 seconds.
Begin MonoManager ReloadAssembly
Native extension for WindowsStandalone target not found
Refreshing native plugins compatible for Editor in 2.80 ms, found 5 plugins.
Preloading 0 native plugins for Editor in 0.00 ms.
Mono: successfully reloaded assembly
- Completed reload, in  4.817 seconds
Platform modules already initialized, skipping
Refreshing native plugins compatible for Editor in 1.90 ms, found 5 plugins.
Preloading 0 native plugins for Editor in 0.00 ms.
Unloading 2096 Unused Serialized files (Serialized files now loaded: 0)
System memory in use before: 96.6 MB.
System memory in use after: 96.6 MB.

Unloading 38 unused Assets to reduce memory usage. Loaded Objects now: 2565.
Total: 6.758000 ms (FindLiveObjects: 0.482400 ms CreateObjectMapping: 0.280100 ms MarkObjects: 5.711100 ms  DeleteObjects: 0.280100 ms)

========================================================================
Received Prepare
Registering precompiled user dll's ...
Registered in 0.036939 seconds.
Begin MonoManager ReloadAssembly
Native extension for WindowsStandalone target not found
Refreshing native plugins compatible for Editor in 1.40 ms, found 5 plugins.
Preloading 0 native plugins for Editor in 0.00 ms.
Mono: successfully reloaded assembly
- Completed reload, in  3.341 seconds
Platform modules already initialized, skipping
Refreshing native plugins compatible for Editor in 0.49 ms, found 5 plugins.
Preloading 0 native plugins for Editor in 0.00 ms.
Unloading 2096 Unused Serialized files (Serialized files now loaded: 0)
System memory in use before: 96.7 MB.
System memory in use after: 96.7 MB.

Unloading 38 unused Assets to reduce memory usage. Loaded Objects now: 2569.
Total: 2.398200 ms (FindLiveObjects: 0.216300 ms CreateObjectMapping: 0.074500 ms MarkObjects: 1.911300 ms  DeleteObjects: 0.194600 ms)

========================================================================
Received Import Request.
  Time since last request: 245.386098 seconds.
  path: ProjectSettings/TagManager.asset
  artifactKey: Guid(00000000000000003000000000000000) Importer(815301076,1909f56bfc062723c751e8b465ee728b)
Start importing ProjectSettings/TagManager.asset using Guid(00000000000000003000000000000000) Importer(815301076,1909f56bfc062723c751e8b465ee728b)  -> (artifact id: 'c272e2471402e03b8edeb22f7cfd6692') in 0.105135 seconds
  Import took 0.117608 seconds .

========================================================================
Received Prepare
Registering precompiled user dll's ...
Registered in 0.061650 seconds.
Begin MonoManager ReloadAssembly
Native extension for WindowsStandalone target not found
Refreshing native plugins compatible for Editor in 2.08 ms, found 5 plugins.
Preloading 0 native plugins for Editor in 0.00 ms.
Mono: successfully reloaded assembly
- Completed reload, in  3.959 seconds
Platform modules already initialized, skipping
Refreshing native plugins compatible for Editor in 2.13 ms, found 5 plugins.
Preloading 0 native plugins for Editor in 0.00 ms.
Unloading 2096 Unused Serialized files (Serialized files now loaded: 0)
System memory in use before: 96.7 MB.
System memory in use after: 96.7 MB.

Unloading 39 unused Assets to reduce memory usage. Loaded Objects now: 2573.
Total: 9.420400 ms (FindLiveObjects: 0.712800 ms CreateObjectMapping: 0.386900 ms MarkObjects: 7.827600 ms  DeleteObjects: 0.488200 ms)

========================================================================
Received Import Request.
  Time since last request: 782.792543 seconds.
  path: Assets/Scenes/scripts/Player.cs
  artifactKey: Guid(f38f3ad850e45ec4f9e9a98ac541b7e7) Importer(815301076,1909f56bfc062723c751e8b465ee728b)
Start importing Assets/Scenes/scripts/Player.cs using Guid(f38f3ad850e45ec4f9e9a98ac541b7e7) Importer(815301076,1909f56bfc062723c751e8b465ee728b)  -> (artifact id: '0ad6489ff842b27485750ebf054ac8ac') in 0.069935 seconds
  Import took 0.081512 seconds .

========================================================================
Received Import Request.
  Time since last request: 0.037052 seconds.
  path: Assets/Scenes/scripts/Player.cs
  artifactKey: Guid(f38f3ad850e45ec4f9e9a98ac541b7e7) Importer(815301076,1909f56bfc062723c751e8b465ee728b)
Start importing Assets/Scenes/scripts/Player.cs using Guid(f38f3ad850e45ec4f9e9a98ac541b7e7) Importer(815301076,1909f56bfc062723c751e8b465ee728b)  -> (artifact id: '0ad6489ff842b27485750ebf054ac8ac') in 0.009485 seconds
  Import took 0.019797 seconds .

========================================================================
Received Prepare
Registering precompiled user dll's ...
Registered in 0.034740 seconds.
Begin MonoManager ReloadAssembly
Native extension for WindowsStandalone target not found
Refreshing native plugins compatible for Editor in 1.62 ms, found 5 plugins.
Preloading 0 native plugins for Editor in 0.00 ms.
Mono: successfully reloaded assembly
- Completed reload, in  5.944 seconds
Platform modules already initialized, skipping
Refreshing native plugins compatible for Editor in 1.89 ms, found 5 plugins.
Preloading 0 native plugins for Editor in 0.00 ms.
Unloading 2096 Unused Serialized files (Serialized files now loaded: 0)
System memory in use before: 96.7 MB.
System memory in use after: 96.7 MB.

Unloading 38 unused Assets to reduce memory usage. Loaded Objects now: 2577.
Total: 7.807800 ms (FindLiveObjects: 0.585000 ms CreateObjectMapping: 0.632400 ms MarkObjects: 6.239600 ms  DeleteObjects: 0.346000 ms)

========================================================================
Received Prepare
Registering precompiled user dll's ...
Registered in 0.028529 seconds.
Begin MonoManager ReloadAssembly
Native extension for WindowsStandalone target not found
Refreshing native plugins compatible for Editor in 1.50 ms, found 5 plugins.
Preloading 0 native plugins for Editor in 0.00 ms.
Mono: successfully reloaded assembly
- Completed reload, in  3.512 seconds
Platform modules already initialized, skipping
Refreshing native plugins compatible for Editor in 1.38 ms, found 5 plugins.
Preloading 0 native plugins for Editor in 0.00 ms.
Unloading 2096 Unused Serialized files (Serialized files now loaded: 0)
System memory in use before: 96.7 MB.
System memory in use after: 96.7 MB.

Unloading 38 unused Assets to reduce memory usage. Loaded Objects now: 2581.
Total: 5.816400 ms (FindLiveObjects: 0.369100 ms CreateObjectMapping: 0.162000 ms MarkObjects: 4.907400 ms  DeleteObjects: 0.375300 ms)

========================================================================
Received Import Request.
  Time since last request: 92.506358 seconds.
  path: Assets/Scenes/scripts/Player.cs
  artifactKey: Guid(f38f3ad850e45ec4f9e9a98ac541b7e7) Importer(815301076,1909f56bfc062723c751e8b465ee728b)
Start importing Assets/Scenes/scripts/Player.cs using Guid(f38f3ad850e45ec4f9e9a98ac541b7e7) Importer(815301076,1909f56bfc062723c751e8b465ee728b)  -> (artifact id: 'd9717a45a276f4b506d729480a811401') in 0.015029 seconds
  Import took 0.024817 seconds .

========================================================================
Received Import Request.
  Time since last request: 0.046795 seconds.
  path: Assets/Scenes/scripts/Player.cs
  artifactKey: Guid(f38f3ad850e45ec4f9e9a98ac541b7e7) Importer(815301076,1909f56bfc062723c751e8b465ee728b)
Start importing Assets/Scenes/scripts/Player.cs using Guid(f38f3ad850e45ec4f9e9a98ac541b7e7) Importer(815301076,1909f56bfc062723c751e8b465ee728b)  -> (artifact id: 'd9717a45a276f4b506d729480a811401') in 0.008800 seconds
  Import took 0.020618 seconds .

========================================================================
Received Prepare
Registering precompiled user dll's ...
Registered in 0.030440 seconds.
Begin MonoManager ReloadAssembly
Native extension for WindowsStandalone target not found
Refreshing native plugins compatible for Editor in 1.60 ms, found 5 plugins.
Preloading 0 native plugins for Editor in 0.00 ms.
Mono: successfully reloaded assembly
- Completed reload, in  4.654 seconds
Platform modules already initialized, skipping
Refreshing native plugins compatible for Editor in 1.40 ms, found 5 plugins.
Preloading 0 native plugins for Editor in 0.00 ms.
Unloading 2096 Unused Serialized files (Serialized files now loaded: 0)
System memory in use before: 96.7 MB.
System memory in use after: 96.7 MB.

Unloading 38 unused Assets to reduce memory usage. Loaded Objects now: 2585.
Total: 3.464900 ms (FindLiveObjects: 0.302600 ms CreateObjectMapping: 0.128500 ms MarkObjects: 2.835900 ms  DeleteObjects: 0.195900 ms)

========================================================================
Received Prepare
Registering precompiled user dll's ...
Registered in 0.017505 seconds.
Begin MonoManager ReloadAssembly
Native extension for WindowsStandalone target not found
Refreshing native plugins compatible for Editor in 1.47 ms, found 5 plugins.
Preloading 0 native plugins for Editor in 0.00 ms.
Mono: successfully reloaded assembly
- Completed reload, in  3.331 seconds
Platform modules already initialized, skipping
Refreshing native plugins compatible for Editor in 1.43 ms, found 5 plugins.
Preloading 0 native plugins for Editor in 0.00 ms.
Unloading 2096 Unused Serialized files (Serialized files now loaded: 0)
System memory in use before: 96.7 MB.
System memory in use after: 96.7 MB.

Unloading 38 unused Assets to reduce memory usage. Loaded Objects now: 2589.
Total: 6.127700 ms (FindLiveObjects: 0.375500 ms CreateObjectMapping: 0.168300 ms MarkObjects: 5.284600 ms  DeleteObjects: 0.295400 ms)

========================================================================
Received Prepare
Registering precompiled user dll's ...
Registered in 0.031830 seconds.
Begin MonoManager ReloadAssembly
Native extension for WindowsStandalone target not found
Refreshing native plugins compatible for Editor in 1.64 ms, found 5 plugins.
Preloading 0 native plugins for Editor in 0.00 ms.
Mono: successfully reloaded assembly
- Completed reload, in  3.989 seconds
Platform modules already initialized, skipping
Refreshing native plugins compatible for Editor in 1.79 ms, found 5 plugins.
Preloading 0 native plugins for Editor in 0.00 ms.
Unloading 2096 Unused Serialized files (Serialized files now loaded: 0)
System memory in use before: 96.7 MB.
System memory in use after: 96.7 MB.

Unloading 38 unused Assets to reduce memory usage. Loaded Objects now: 2593.
Total: 6.965900 ms (FindLiveObjects: 0.477900 ms CreateObjectMapping: 0.185700 ms MarkObjects: 5.949600 ms  DeleteObjects: 0.348800 ms)

========================================================================
Received Prepare
Registering precompiled user dll's ...
Registered in 0.027751 seconds.
Begin MonoManager ReloadAssembly
Native extension for WindowsStandalone target not found
Refreshing native plugins compatible for Editor in 1.37 ms, found 5 plugins.
Preloading 0 native plugins for Editor in 0.00 ms.
Mono: successfully reloaded assembly
- Completed reload, in  3.715 seconds
Platform modules already initialized, skipping
Refreshing native plugins compatible for Editor in 2.13 ms, found 5 plugins.
Preloading 0 native plugins for Editor in 0.00 ms.
Unloading 2096 Unused Serialized files (Serialized files now loaded: 0)
System memory in use before: 96.8 MB.
System memory in use after: 96.7 MB.

Unloading 38 unused Assets to reduce memory usage. Loaded Objects now: 2597.
Total: 6.633600 ms (FindLiveObjects: 0.497500 ms CreateObjectMapping: 0.179600 ms MarkObjects: 5.334700 ms  DeleteObjects: 0.618100 ms)

========================================================================
Received Import Request.
  Time since last request: 240.485896 seconds.
  path: Assets/Scenes/scripts/Player.cs
  artifactKey: Guid(f38f3ad850e45ec4f9e9a98ac541b7e7) Importer(815301076,1909f56bfc062723c751e8b465ee728b)
Start importing Assets/Scenes/scripts/Player.cs using Guid(f38f3ad850e45ec4f9e9a98ac541b7e7) Importer(815301076,1909f56bfc062723c751e8b465ee728b)  -> (artifact id: 'be9c1525c4cec1b619c8873ea06a1241') in 0.015542 seconds
  Import took 0.023853 seconds .

========================================================================
Received Import Request.
  Time since last request: 0.092981 seconds.
  path: Assets/Scenes/scripts/Player.cs
  artifactKey: Guid(f38f3ad850e45ec4f9e9a98ac541b7e7) Importer(815301076,1909f56bfc062723c751e8b465ee728b)
Start importing Assets/Scenes/scripts/Player.cs using Guid(f38f3ad850e45ec4f9e9a98ac541b7e7) Importer(815301076,1909f56bfc062723c751e8b465ee728b)  -> (artifact id: 'be9c1525c4cec1b619c8873ea06a1241') in 0.008976 seconds
  Import took 0.019789 seconds .

========================================================================
Received Prepare
Registering precompiled user dll's ...
Registered in 0.038870 seconds.
Begin MonoManager ReloadAssembly
Native extension for WindowsStandalone target not found
Refreshing native plugins compatible for Editor in 1.50 ms, found 5 plugins.
Preloading 0 native plugins for Editor in 0.00 ms.
Mono: successfully reloaded assembly
- Completed reload, in  4.231 seconds
Platform modules already initialized, skipping
Refreshing native plugins compatible for Editor in 1.50 ms, found 5 plugins.
Preloading 0 native plugins for Editor in 0.00 ms.
Unloading 2096 Unused Serialized files (Serialized files now loaded: 0)
System memory in use before: 96.8 MB.
System memory in use after: 96.7 MB.

Unloading 38 unused Assets to reduce memory usage. Loaded Objects now: 2601.
Total: 6.993000 ms (FindLiveObjects: 0.629500 ms CreateObjectMapping: 0.261900 ms MarkObjects: 5.744100 ms  DeleteObjects: 0.352200 ms)

========================================================================
Received Prepare
Registering precompiled user dll's ...
Registered in 0.030851 seconds.
Begin MonoManager ReloadAssembly
Native extension for WindowsStandalone target not found
Refreshing native plugins compatible for Editor in 1.49 ms, found 5 plugins.
Preloading 0 native plugins for Editor in 0.00 ms.
Mono: successfully reloaded assembly
- Completed reload, in  3.322 seconds
Platform modules already initialized, skipping
Refreshing native plugins compatible for Editor in 1.37 ms, found 5 plugins.
Preloading 0 native plugins for Editor in 0.00 ms.
Unloading 2096 Unused Serialized files (Serialized files now loaded: 0)
System memory in use before: 96.8 MB.
System memory in use after: 96.7 MB.

Unloading 38 unused Assets to reduce memory usage. Loaded Objects now: 2605.
Total: 7.395600 ms (FindLiveObjects: 0.454600 ms CreateObjectMapping: 0.413200 ms MarkObjects: 6.229400 ms  DeleteObjects: 0.294600 ms)

========================================================================
Received Import Request.
  Time since last request: 33.651205 seconds.
  path: Assets/Scenes/scripts/Player.cs
  artifactKey: Guid(f38f3ad850e45ec4f9e9a98ac541b7e7) Importer(815301076,1909f56bfc062723c751e8b465ee728b)
Start importing Assets/Scenes/scripts/Player.cs using Guid(f38f3ad850e45ec4f9e9a98ac541b7e7) Importer(815301076,1909f56bfc062723c751e8b465ee728b)  -> (artifact id: 'f0c3dcdb7f242e411fd9597acdf39834') in 0.021028 seconds
  Import took 0.030198 seconds .

AssetImportWorkerClient::OnTransportError - code=2 error=End of file
