Using pre-set license
Built from '2020.3/staging' branch; Version is '2020.3.11f1 (99c7afb366b3) revision 10078127'; Using compiler version '192528614'; Build Type 'Release'
OS: 'Windows 10 Home; OS build 19043.1151; Version 2009; 64bit' Language: 'ja' Physical Memory: 7778 MB
BatchMode: 1, IsHumanControllingUs: 0, StartBugReporterOnCrash: 0, Is64bit: 1, IsPro: 0

 COMMAND LINE ARGUMENTS:
C:\Program Files\Unity\Hub\Editor\2020.3.11f1\Editor\Unity.exe
-adb2
-batchMode
-noUpm
-name
AssetImportWorker2
-projectPath
C:/Users/sienr/Desktop/HandWash
-logFile
Logs/AssetImportWorker2.log
-srvPort
49390
Successfully changed project path to: C:/Users/sienr/Desktop/HandWash
C:/Users/sienr/Desktop/HandWash
Using Asset Import Pipeline V2.
Refreshing native plugins compatible for Editor in 208.50 ms, found 5 plugins.
Preloading 0 native plugins for Editor in 0.00 ms.
Initialize engine version: 2020.3.11f1 (99c7afb366b3)
[Subsystems] Discovering subsystems at path C:/Program Files/Unity/Hub/Editor/2020.3.11f1/Editor/Data/Resources/UnitySubsystems
[Subsystems] Discovering subsystems at path C:/Users/sienr/Desktop/HandWash/Assets
GfxDevice: creating device client; threaded=0
Direct3D:
    Version:  Direct3D 11.0 [level 11.1]
    Renderer: Intel(R) Iris(R) Plus Graphics (ID=0x8a5a)
    Vendor:   
    VRAM:     3889 MB
    Driver:   27.20.100.8681
Initialize mono
Mono path[0] = 'C:/Program Files/Unity/Hub/Editor/2020.3.11f1/Editor/Data/Managed'
Mono path[1] = 'C:/Program Files/Unity/Hub/Editor/2020.3.11f1/Editor/Data/MonoBleedingEdge/lib/mono/unityjit'
Mono config path = 'C:/Program Files/Unity/Hub/Editor/2020.3.11f1/Editor/Data/MonoBleedingEdge/etc'
Using monoOptions --debugger-agent=transport=dt_socket,embedding=1,server=y,suspend=n,address=127.0.0.1:56860
Begin MonoManager ReloadAssembly
Registering precompiled unity dll's ...
Register platform support module: C:/Program Files/Unity/Hub/Editor/2020.3.11f1/Editor/Data/PlaybackEngines/WindowsStandaloneSupport/UnityEditor.WindowsStandalone.Extensions.dll
Registered in 0.009031 seconds.
Native extension for WindowsStandalone target not found
Refreshing native plugins compatible for Editor in 197.97 ms, found 5 plugins.
Preloading 0 native plugins for Editor in 0.00 ms.
Mono: successfully reloaded assembly
- Completed reload, in  7.981 seconds
Platform modules already initialized, skipping
Registering precompiled user dll's ...
Registered in 0.049526 seconds.
Begin MonoManager ReloadAssembly
Native extension for WindowsStandalone target not found
Refreshing native plugins compatible for Editor in 211.70 ms, found 5 plugins.
Preloading 0 native plugins for Editor in 0.00 ms.
Mono: successfully reloaded assembly
- Completed reload, in  4.916 seconds
Platform modules already initialized, skipping
========================================================================
Worker process is ready to serve import requests
Launched and connected shader compiler UnityShaderCompiler.exe after 0.24 seconds
Refreshing native plugins compatible for Editor in 1.63 ms, found 5 plugins.
Preloading 0 native plugins for Editor in 0.00 ms.
Unloading 2101 Unused Serialized files (Serialized files now loaded: 0)
System memory in use before: 96.4 MB.
System memory in use after: 96.4 MB.

Unloading 50 unused Assets to reduce memory usage. Loaded Objects now: 2560.
Total: 6.114400 ms (FindLiveObjects: 0.372200 ms CreateObjectMapping: 0.189400 ms MarkObjects: 5.185300 ms  DeleteObjects: 0.362000 ms)

========================================================================
Received Import Request.
  path: Assets/images/Characteran.png
  artifactKey: Guid(1a7172f9752b90340a289c94b30e7e68) Importer(815301076,1909f56bfc062723c751e8b465ee728b)
Start importing Assets/images/Characteran.png using Guid(1a7172f9752b90340a289c94b30e7e68) Importer(815301076,1909f56bfc062723c751e8b465ee728b)  -> (artifact id: '798ba5f669a0c739f2431b3c6eef7fe9') in 0.780396 seconds
  Import took 0.791058 seconds .

========================================================================
Received Import Request.
  Time since last request: 0.000918 seconds.
  path: Assets/images/character/Cwalk1.png
  artifactKey: Guid(eac35d56a56566f499bad7320afcac63) Importer(815301076,1909f56bfc062723c751e8b465ee728b)
Start importing Assets/images/character/Cwalk1.png using Guid(eac35d56a56566f499bad7320afcac63) Importer(815301076,1909f56bfc062723c751e8b465ee728b)  -> (artifact id: 'e8dfe8b51ecddfe517e40105893884d2') in 0.216746 seconds
  Import took 0.244379 seconds .

