Using pre-set license
Built from '2020.3/staging' branch; Version is '2020.3.11f1 (99c7afb366b3) revision 10078127'; Using compiler version '192528614'; Build Type 'Release'
OS: 'Windows 10 Home; OS build 19043.1151; Version 2009; 64bit' Language: 'ja' Physical Memory: 7778 MB
BatchMode: 1, IsHumanControllingUs: 0, StartBugReporterOnCrash: 0, Is64bit: 1, IsPro: 0

 COMMAND LINE ARGUMENTS:
C:\Program Files\Unity\Hub\Editor\2020.3.11f1\Editor\Unity.exe
-adb2
-batchMode
-noUpm
-name
AssetImportWorker3
-projectPath
C:/Users/sienr/Desktop/HandWash
-logFile
Logs/AssetImportWorker3.log
-srvPort
52948
Successfully changed project path to: C:/Users/sienr/Desktop/HandWash
C:/Users/sienr/Desktop/HandWash
Using Asset Import Pipeline V2.
Refreshing native plugins compatible for Editor in 262.63 ms, found 5 plugins.
Preloading 0 native plugins for Editor in 0.00 ms.
Initialize engine version: 2020.3.11f1 (99c7afb366b3)
[Subsystems] Discovering subsystems at path C:/Program Files/Unity/Hub/Editor/2020.3.11f1/Editor/Data/Resources/UnitySubsystems
[Subsystems] Discovering subsystems at path C:/Users/sienr/Desktop/HandWash/Assets
GfxDevice: creating device client; threaded=0
Direct3D:
    Version:  Direct3D 11.0 [level 11.1]
    Renderer: Intel(R) Iris(R) Plus Graphics (ID=0x8a5a)
    Vendor:   
    VRAM:     3889 MB
    Driver:   27.20.100.8681
Initialize mono
Mono path[0] = 'C:/Program Files/Unity/Hub/Editor/2020.3.11f1/Editor/Data/Managed'
Mono path[1] = 'C:/Program Files/Unity/Hub/Editor/2020.3.11f1/Editor/Data/MonoBleedingEdge/lib/mono/unityjit'
Mono config path = 'C:/Program Files/Unity/Hub/Editor/2020.3.11f1/Editor/Data/MonoBleedingEdge/etc'
Using monoOptions --debugger-agent=transport=dt_socket,embedding=1,server=y,suspend=n,address=127.0.0.1:56112
Begin MonoManager ReloadAssembly
Registering precompiled unity dll's ...
Register platform support module: C:/Program Files/Unity/Hub/Editor/2020.3.11f1/Editor/Data/PlaybackEngines/WindowsStandaloneSupport/UnityEditor.WindowsStandalone.Extensions.dll
Registered in 0.012209 seconds.
Native extension for WindowsStandalone target not found
Refreshing native plugins compatible for Editor in 172.46 ms, found 5 plugins.
Preloading 0 native plugins for Editor in 0.00 ms.
Mono: successfully reloaded assembly
- Completed reload, in  4.516 seconds
Platform modules already initialized, skipping
Registering precompiled user dll's ...
Registered in 0.048504 seconds.
Begin MonoManager ReloadAssembly
Native extension for WindowsStandalone target not found
Refreshing native plugins compatible for Editor in 179.52 ms, found 5 plugins.
Preloading 0 native plugins for Editor in 0.00 ms.
Mono: successfully reloaded assembly
- Completed reload, in  4.806 seconds
Platform modules already initialized, skipping
========================================================================
Worker process is ready to serve import requests
Launched and connected shader compiler UnityShaderCompiler.exe after 0.26 seconds
Refreshing native plugins compatible for Editor in 1.29 ms, found 5 plugins.
Preloading 0 native plugins for Editor in 0.00 ms.
Unloading 2100 Unused Serialized files (Serialized files now loaded: 0)
System memory in use before: 96.4 MB.
System memory in use after: 96.4 MB.

Unloading 50 unused Assets to reduce memory usage. Loaded Objects now: 2559.
Total: 17.301600 ms (FindLiveObjects: 0.687500 ms CreateObjectMapping: 0.309200 ms MarkObjects: 15.237300 ms  DeleteObjects: 1.061400 ms)

========================================================================
Received Import Request.
  path: Assets/Scenes/scripts/Player.cs
  artifactKey: Guid(f38f3ad850e45ec4f9e9a98ac541b7e7) Importer(815301076,1909f56bfc062723c751e8b465ee728b)
Start importing Assets/Scenes/scripts/Player.cs using Guid(f38f3ad850e45ec4f9e9a98ac541b7e7) Importer(815301076,1909f56bfc062723c751e8b465ee728b)  -> (artifact id: '8609577ac2ff9c8850582153e4b65229') in 0.141970 seconds
  Import took 0.154127 seconds .

========================================================================
Received Import Request.
  Time since last request: 124.583890 seconds.
  path: Assets/Scenes/scripts/Player.cs
  artifactKey: Guid(f38f3ad850e45ec4f9e9a98ac541b7e7) Importer(815301076,1909f56bfc062723c751e8b465ee728b)
Start importing Assets/Scenes/scripts/Player.cs using Guid(f38f3ad850e45ec4f9e9a98ac541b7e7) Importer(815301076,1909f56bfc062723c751e8b465ee728b)  -> (artifact id: '085d59047f83f156d144ab1f553cc0b7') in 0.010891 seconds
  Import took 0.024098 seconds .

========================================================================
Received Prepare
Registering precompiled user dll's ...
Registered in 0.029937 seconds.
Begin MonoManager ReloadAssembly
Native extension for WindowsStandalone target not found
Refreshing native plugins compatible for Editor in 1.48 ms, found 5 plugins.
Preloading 0 native plugins for Editor in 0.00 ms.
Mono: successfully reloaded assembly
- Completed reload, in  5.018 seconds
Platform modules already initialized, skipping
Refreshing native plugins compatible for Editor in 2.12 ms, found 5 plugins.
Preloading 0 native plugins for Editor in 0.00 ms.
Unloading 2095 Unused Serialized files (Serialized files now loaded: 0)
System memory in use before: 96.4 MB.
System memory in use after: 96.4 MB.

Unloading 38 unused Assets to reduce memory usage. Loaded Objects now: 2563.
Total: 11.109100 ms (FindLiveObjects: 0.876500 ms CreateObjectMapping: 0.318400 ms MarkObjects: 9.455400 ms  DeleteObjects: 0.451700 ms)

========================================================================
Received Import Request.
  Time since last request: 38.957746 seconds.
  path: Assets/Scenes/scripts/Player.cs
  artifactKey: Guid(f38f3ad850e45ec4f9e9a98ac541b7e7) Importer(815301076,1909f56bfc062723c751e8b465ee728b)
Start importing Assets/Scenes/scripts/Player.cs using Guid(f38f3ad850e45ec4f9e9a98ac541b7e7) Importer(815301076,1909f56bfc062723c751e8b465ee728b)  -> (artifact id: '259030abf155d8f0ab62ea2bfe83a4ca') in 0.019178 seconds
  Import took 0.028813 seconds .

========================================================================
Received Import Request.
  Time since last request: 0.108219 seconds.
  path: Assets/Scenes/scripts/Player.cs
  artifactKey: Guid(f38f3ad850e45ec4f9e9a98ac541b7e7) Importer(815301076,1909f56bfc062723c751e8b465ee728b)
Start importing Assets/Scenes/scripts/Player.cs using Guid(f38f3ad850e45ec4f9e9a98ac541b7e7) Importer(815301076,1909f56bfc062723c751e8b465ee728b)  -> (artifact id: '259030abf155d8f0ab62ea2bfe83a4ca') in 0.009869 seconds
  Import took 0.020070 seconds .

========================================================================
Received Prepare
Registering precompiled user dll's ...
Registered in 0.045631 seconds.
Begin MonoManager ReloadAssembly
Native extension for WindowsStandalone target not found
Refreshing native plugins compatible for Editor in 2.11 ms, found 5 plugins.
Preloading 0 native plugins for Editor in 0.00 ms.
Mono: successfully reloaded assembly
- Completed reload, in  6.027 seconds
Platform modules already initialized, skipping
Refreshing native plugins compatible for Editor in 2.13 ms, found 5 plugins.
Preloading 0 native plugins for Editor in 0.00 ms.
Unloading 2095 Unused Serialized files (Serialized files now loaded: 0)
System memory in use before: 96.4 MB.
System memory in use after: 96.4 MB.

Unloading 38 unused Assets to reduce memory usage. Loaded Objects now: 2567.
Total: 9.194100 ms (FindLiveObjects: 0.941900 ms CreateObjectMapping: 0.462800 ms MarkObjects: 7.426500 ms  DeleteObjects: 0.355700 ms)

========================================================================
Received Prepare
Registering precompiled user dll's ...
Registered in 0.055706 seconds.
Begin MonoManager ReloadAssembly
Native extension for WindowsStandalone target not found
Refreshing native plugins compatible for Editor in 1.94 ms, found 5 plugins.
Preloading 0 native plugins for Editor in 0.00 ms.
Mono: successfully reloaded assembly
- Completed reload, in  4.305 seconds
Platform modules already initialized, skipping
Refreshing native plugins compatible for Editor in 1.38 ms, found 5 plugins.
Preloading 0 native plugins for Editor in 0.00 ms.
Unloading 2095 Unused Serialized files (Serialized files now loaded: 0)
System memory in use before: 96.5 MB.
System memory in use after: 96.4 MB.

Unloading 38 unused Assets to reduce memory usage. Loaded Objects now: 2571.
Total: 7.964900 ms (FindLiveObjects: 0.674400 ms CreateObjectMapping: 0.329200 ms MarkObjects: 6.665400 ms  DeleteObjects: 0.290500 ms)

========================================================================
Received Prepare
Registering precompiled user dll's ...
Registered in 0.054477 seconds.
Begin MonoManager ReloadAssembly
Native extension for WindowsStandalone target not found
Refreshing native plugins compatible for Editor in 2.61 ms, found 5 plugins.
Preloading 0 native plugins for Editor in 0.00 ms.
Mono: successfully reloaded assembly
- Completed reload, in  8.643 seconds
Platform modules already initialized, skipping
Refreshing native plugins compatible for Editor in 1.53 ms, found 5 plugins.
Preloading 0 native plugins for Editor in 0.00 ms.
Unloading 2095 Unused Serialized files (Serialized files now loaded: 0)
System memory in use before: 96.5 MB.
System memory in use after: 96.5 MB.

Unloading 38 unused Assets to reduce memory usage. Loaded Objects now: 2575.
Total: 7.310800 ms (FindLiveObjects: 0.377600 ms CreateObjectMapping: 0.299400 ms MarkObjects: 6.304700 ms  DeleteObjects: 0.324500 ms)

